Command: write_bitstream -force ./Bitstreams/Config_shift_right_count_up_implement_full -no_partial_bitfile
Attempting to get a license for feature 'Implementation' and/or device 'xczu2eg'
INFO: [Common 17-349] Got license for feature 'Implementation' and/or device 'xczu2eg'
Running DRC as a precondition to command write_bitstream
INFO: [IP_Flow 19-234] Refreshing IP repositories
INFO: [IP_Flow 19-1704] No user IP repositories specified
INFO: [IP_Flow 19-2313] Loaded Vivado IP repository '/opt/Xilinx_2018.3/Vivado/2018.3/data/ip'.
INFO: [DRC 23-27] Running DRC with 4 threads
WARNING: [DRC REQP-1766] RAMB36E2_DOx_REG_0_incompatible_with_REGCEx_RSTREGx_use: The RAMB36E2 cell inst_shift/RAMB36_inst has DOA_REG set to 0. The REGCEAREGCE and RSTREGARSTREG pins should not be connected to active signal.
INFO: [Vivado 12-3199] DRC finished with 0 Errors, 1 Warnings
INFO: [Vivado 12-3200] Please refer to the DRC report (report_drc) for more information.
Partition "pblock_inst_count" Reconfigurable Module "inst_count"
Partition "pblock_inst_shift" Reconfigurable Module "inst_shift"
INFO: [Vivado 12-4752] Design contains reconfigurable partitions, but no partial bit files will be generated since -no_partial_bitfile option was specified.
INFO: [Designutils 20-2272] Running write_bitstream with 4 threads.
Loading data files...
Loading site data...
Loading route data...
Processing options...
Creating bitmap...
Creating bitstream...
Writing bitstream ./Bitstreams/Config_shift_right_count_up_implement_full.bit...
INFO: [Vivado 12-1842] Bitgen Completed Successfully.
INFO: [Project 1-120] WebTalk data collection is mandatory when using a WebPACK part without a full Vivado license. To see the specific WebTalk data collected for your design, open the usage_statistics_webtalk.html or usage_statistics_webtalk.xml file in the implementation directory.
INFO: [Common 17-83] Releasing license: Implementation
66 Infos, 4 Warnings, 0 Critical Warnings and 0 Errors encountered.
write_bitstream completed successfully
write_bitstream: Time (s): cpu = 00:00:19 ; elapsed = 00:00:16 . Memory (MB): peak = 4369.637 ; gain = 0.000 ; free physical = 399 ; free virtual = 4872
